Using pre-set license
Built from '2020.3/staging' branch; Version is '2020.3.21f1 (a38c86f6690f) revision 10718342'; Using compiler version '192528614'; Build Type 'Release'
OS: 'Windows 10 Home; OS build 19042.1348; Version 2009; 64bit' Language: 'ru' Physical Memory: 7908 MB
BatchMode: 1, IsHumanControllingUs: 0, StartBugReporterOnCrash: 0, Is64bit: 1, IsPro: 0

COMMAND LINE ARGUMENTS:
C:\Yan\Unity\2020.3.21f1\Editor\Unity.exe
-adb2
-batchMode
-noUpm
-name
AssetImportWorker0
-projectPath
C:/Yan/Unity/Projects/Yan_Cherepansky_HelixJump
-logFile
Logs/AssetImportWorker0.log
-srvPort
52758
Successfully changed project path to: C:/Yan/Unity/Projects/Yan_Cherepansky_HelixJump
C:/Yan/Unity/Projects/Yan_Cherepansky_HelixJump
Using Asset Import Pipeline V2.
Refreshing native plugins compatible for Editor in 61.03 ms, found 2 plugins.
Preloading 0 native plugins for Editor in 0.00 ms.
Initialize engine version: 2020.3.21f1 (a38c86f6690f)
[Subsystems] Discovering subsystems at path C:/Yan/Unity/2020.3.21f1/Editor/Data/Resources/UnitySubsystems
[Subsystems] Discovering subsystems at path C:/Yan/Unity/Projects/Yan_Cherepansky_HelixJump/Assets
GfxDevice: creating device client; threaded=0
Direct3D:
    Version:  Direct3D 11.0 [level 11.1]
    Renderer: NVIDIA GeForce MX230 (ID=0x1d11)
    Vendor:   
    VRAM:     1984 MB
    Driver:   30.0.14.7168
Initialize mono
Mono path[0] = 'C:/Yan/Unity/2020.3.21f1/Editor/Data/Managed'
Mono path[1] = 'C:/Yan/Unity/2020.3.21f1/Editor/Data/MonoBleedingEdge/lib/mono/unityjit'
Mono config path = 'C:/Yan/Unity/2020.3.21f1/Editor/Data/MonoBleedingEdge/etc'
Using monoOptions --debugger-agent=transport=dt_socket,embedding=1,server=y,suspend=n,address=127.0.0.1:56176
Begin MonoManager ReloadAssembly
Registering precompiled unity dll's ...
Register platform support module: C:/Yan/Unity/2020.3.21f1/Editor/Data/PlaybackEngines/WindowsStandaloneSupport/UnityEditor.WindowsStandalone.Extensions.dll
Registered in 0.001883 seconds.
Native extension for WindowsStandalone target not found
Refreshing native plugins compatible for Editor in 68.47 ms, found 2 plugins.
Preloading 0 native plugins for Editor in 0.00 ms.
Mono: successfully reloaded assembly
- Completed reload, in  1.904 seconds
Domain Reload Profiling:
	ReloadAssembly (1904ms)
		BeginReloadAssembly (55ms)
			ExecutionOrderSort (0ms)
			DisableScriptedObjects (0ms)
			BackupInstance (0ms)
			ReleaseScriptingObjects (0ms)
			CreateAndSetChildDomain (1ms)
		EndReloadAssembly (589ms)
			LoadAssemblies (53ms)
			RebuildTransferFunctionScriptingTraits (0ms)
			SetupTypeCache (183ms)
			ReleaseScriptCaches (0ms)
			RebuildScriptCaches (46ms)
			SetupLoadedEditorAssemblies (217ms)
				LogAssemblyErrors (0ms)
				InitializePlatformSupportModulesInManaged (4ms)
				SetLoadedEditorAssemblies (0ms)
				RefreshPlugins (69ms)
				BeforeProcessingInitializeOnLoad (17ms)
				ProcessInitializeOnLoadAttributes (95ms)
				ProcessInitializeOnLoadMethodAttributes (32ms)
				AfterProcessingInitializeOnLoad (0ms)
				EditorAssembliesLoaded (0ms)
			ExecutionOrderSort2 (0ms)
			AwakeInstancesAfterBackupRestoration (0ms)
Platform modules already initialized, skipping
Registering precompiled user dll's ...
Registered in 0.005222 seconds.
Begin MonoManager ReloadAssembly
Native extension for WindowsStandalone target not found
Refreshing native plugins compatible for Editor in 61.92 ms, found 2 plugins.
Preloading 0 native plugins for Editor in 0.00 ms.
Mono: successfully reloaded assembly
- Completed reload, in  1.585 seconds
Domain Reload Profiling:
	ReloadAssembly (1586ms)
		BeginReloadAssembly (154ms)
			ExecutionOrderSort (0ms)
			DisableScriptedObjects (5ms)
			BackupInstance (0ms)
			ReleaseScriptingObjects (0ms)
			CreateAndSetChildDomain (18ms)
		EndReloadAssembly (1362ms)
			LoadAssemblies (106ms)
			RebuildTransferFunctionScriptingTraits (0ms)
			SetupTypeCache (393ms)
			ReleaseScriptCaches (1ms)
			RebuildScriptCaches (59ms)
			SetupLoadedEditorAssemblies (631ms)
				LogAssemblyErrors (0ms)
				InitializePlatformSupportModulesInManaged (4ms)
				SetLoadedEditorAssemblies (0ms)
				RefreshPlugins (62ms)
				BeforeProcessingInitializeOnLoad (121ms)
				ProcessInitializeOnLoadAttributes (424ms)
				ProcessInitializeOnLoadMethodAttributes (12ms)
				AfterProcessingInitializeOnLoad (8ms)
				EditorAssembliesLoaded (1ms)
			ExecutionOrderSort2 (0ms)
			AwakeInstancesAfterBackupRestoration (11ms)
Platform modules already initialized, skipping
========================================================================
Worker process is ready to serve import requests
Launched and connected shader compiler UnityShaderCompiler.exe after 0.08 seconds
Refreshing native plugins compatible for Editor in 1.07 ms, found 2 plugins.
Preloading 0 native plugins for Editor in 0.00 ms.
Unloading 3122 Unused Serialized files (Serialized files now loaded: 0)
System memory in use before: 137.0 MB.
System memory in use after: 137.2 MB.

Unloading 22 unused Assets to reduce memory usage. Loaded Objects now: 3557.
Total: 3.775400 ms (FindLiveObjects: 0.290700 ms CreateObjectMapping: 0.182000 ms MarkObjects: 3.207000 ms  DeleteObjects: 0.094500 ms)

AssetImportParameters requested are different than current active one (requested -> active):
  custom:framework-win-MediaFoundation: 216162199b28c13a410421893ffa2e32 -> 
  custom:video-decoder-ogg-theora: a1e56fd34408186e4bbccfd4996cb3dc -> 
  custom:container-muxer-webm: aa71ff27fc2769a1b78a27578f13a17b -> 
  custom:container-demuxer-webm: 4f35f7cbe854078d1ac9338744f61a02 -> 
  custom:container-demuxer-ogg: 62fdf1f143b41e24485cea50d1cbac27 -> 
  custom:video-encoder-webm-vp8: eb34c28f22e8b96e1ab97ce403110664 -> 
  custom:video-decoder-webm-vp8: 9c59270c3fd7afecdb556c50c9e8de78 -> 
  custom:audio-decoder-ogg-vorbis: bf7c407c2cedff20999df2af8eb42d56 -> 
  custom:audio-encoder-webm-vorbis: bf7c407c2cedff20999df2af8eb42d56 -> 
========================================================================
Received Import Request.
  path: Assets/Shaders/Shader Graphs_New Shader Graph.mat
  artifactKey: Guid(f58cde83e4e02934b82b6a0f678a2045) Importer(815301076,1909f56bfc062723c751e8b465ee728b)
Start importing Assets/Shaders/Shader Graphs_New Shader Graph.mat using Guid(f58cde83e4e02934b82b6a0f678a2045) Importer(815301076,1909f56bfc062723c751e8b465ee728b)  -> (artifact id: '2da2e2eb0c41cfd673a70e02413b978d') in 0.275077 seconds 
  Import took 0.282597 seconds .

========================================================================
Received Import Request.
  Time since last request: 12.412481 seconds.
  path: Assets/Shaders/New Shader Graph.shadergraph
  artifactKey: Guid(1dbbecb83c80aa04cab59b2f47eb9f79) Importer(815301076,1909f56bfc062723c751e8b465ee728b)
Start importing Assets/Shaders/New Shader Graph.shadergraph using Guid(1dbbecb83c80aa04cab59b2f47eb9f79) Importer(815301076,1909f56bfc062723c751e8b465ee728b)  -> (artifact id: '6a1afef10daa7ef17cef8908e062cb69') in 0.014289 seconds 
  Import took 0.020554 seconds .

========================================================================
Received Import Request.
  Time since last request: 487.456364 seconds.
  path: Assets/Shaders/NewUnlitShader.shader
  artifactKey: Guid(6e6b45c84b05aa54198f90bcda4287eb) Importer(815301076,1909f56bfc062723c751e8b465ee728b)
Start importing Assets/Shaders/NewUnlitShader.shader using Guid(6e6b45c84b05aa54198f90bcda4287eb) Importer(815301076,1909f56bfc062723c751e8b465ee728b)  -> (artifact id: '8f77b62a3b72de7ae7e42fe46d943a3e') in 0.015386 seconds 
  Import took 0.026566 seconds .

========================================================================
Received Import Request.
  Time since last request: 49.906658 seconds.
  path: Assets/Shaders/New Shader Graph.shadergraph
  artifactKey: Guid(1dbbecb83c80aa04cab59b2f47eb9f79) Importer(815301076,1909f56bfc062723c751e8b465ee728b)
Start importing Assets/Shaders/New Shader Graph.shadergraph using Guid(1dbbecb83c80aa04cab59b2f47eb9f79) Importer(815301076,1909f56bfc062723c751e8b465ee728b)  -> (artifact id: '6132bd9beaf87e0315efe7bd8123f144') in 0.006011 seconds 
  Import took 0.015310 seconds .

========================================================================
Received Import Request.
  Time since last request: 371.334790 seconds.
  path: Assets/Shaders/New Shader Graph.shadergraph
  artifactKey: Guid(1dbbecb83c80aa04cab59b2f47eb9f79) Importer(815301076,1909f56bfc062723c751e8b465ee728b)
Start importing Assets/Shaders/New Shader Graph.shadergraph using Guid(1dbbecb83c80aa04cab59b2f47eb9f79) Importer(815301076,1909f56bfc062723c751e8b465ee728b)  -> (artifact id: 'c898c959030fc90e18e1cd6e2005f870') in 0.009497 seconds 
  Import took 0.016637 seconds .

========================================================================
Received Import Request.
  Time since last request: 13.340624 seconds.
  path: Assets/Shaders/Shader Graphs_New Shader Graph 1.mat
  artifactKey: Guid(c83ff056d9d9e904a945601479d1ead1) Importer(815301076,1909f56bfc062723c751e8b465ee728b)
Start importing Assets/Shaders/Shader Graphs_New Shader Graph 1.mat using Guid(c83ff056d9d9e904a945601479d1ead1) Importer(815301076,1909f56bfc062723c751e8b465ee728b)  -> (artifact id: '41a8af46a7a24c5f07ff3f2360ba936d') in 0.052778 seconds 
  Import took 0.059806 seconds .

AssetImportWorkerClient::OnTransportError - code=2 error=End of file
